#
# There is insufficient memory for the Java Runtime Environment to continue.
# Native memory allocation (malloc) failed to allocate 1606256 bytes for Chunk::new
# Possible reasons:
#   The system is out of physical RAM or swap space
#   In 32 bit mode, the process size limit was hit
# Possible solutions:
#   Reduce memory load on the system
#   Increase physical memory or swap space
#   Check if swap backing store is full
#   Use 64 bit Java on a 64 bit OS
#   Decrease Java heap size (-Xmx/-Xms)
#   Decrease number of Java threads
#   Decrease Java thread stack sizes (-Xss)
#   Set larger code cache with -XX:ReservedCodeCacheSize=
# This output file may be truncated or incomplete.
#
#  Out of Memory Error (allocation.cpp:390), pid=2732, tid=0x0000000000000f50
#
# JRE version: OpenJDK Runtime Environment (8.0_152-b06) (build 1.8.0_152-release-1136-b06)
# Java VM: OpenJDK 64-Bit Server VM (25.152-b06 mixed mode windows-amd64 compressed oops)
# Failed to write core dump. Minidumps are not enabled by default on client versions of Windows
#

---------------  T H R E A D  ---------------

Current thread (0x00000000165d7000):  JavaThread "C2 CompilerThread0" daemon [_thread_in_native, id=3920, stack(0x0000000017c30000,0x0000000017d30000)]

Stack: [0x0000000017c30000,0x0000000017d30000]
[error occurred during error reporting (printing stack bounds), id 0xc0000005]

Native frames: (J=compiled Java code, j=interpreted, Vv=VM code, C=native code)


Current CompileTask:
C2:  32728 9275       4       com.android.tools.r8.ir.conversion.JarSourceCode::buildInstruction (402 bytes)


---------------  P R O C E S S  ---------------

Java Threads: ( => current thread )
  0x0000000018cfb000 JavaThread "ForkJoinPool.commonPool-worker-3" daemon [_thread_blocked, id=4476, stack(0x00000000239f0000,0x0000000023af0000)]
  0x0000000018cf8800 JavaThread "ForkJoinPool.commonPool-worker-2" daemon [_thread_in_Java, id=4996, stack(0x00000000238f0000,0x00000000239f0000)]
  0x0000000018cf4000 JavaThread "ForkJoinPool.commonPool-worker-1" daemon [_thread_in_Java, id=4376, stack(0x00000000231d0000,0x00000000232d0000)]
  0x0000000018cf5000 JavaThread "Task worker for ':' Thread 3" [_thread_blocked, id=6140, stack(0x00000000230d0000,0x00000000231d0000)]
  0x0000000018cf5800 JavaThread "Task worker for ':' Thread 2" [_thread_blocked, id=3772, stack(0x0000000022fd0000,0x00000000230d0000)]
  0x0000000018cf2000 JavaThread "Task worker for ':'" [_thread_in_native, id=4908, stack(0x0000000022ed0000,0x0000000022fd0000)]
  0x0000000018cf1000 JavaThread "Cache worker for Build Output Cleanup Cache (C:\Users\RomavicdosAnjosKulip\AndroidStudioProjects\CadastroBukAapp\.gradle\buildOutputCleanup)" [_thread_blocked, id=6084, stack(0x0000000022dd0000,0x0000000022ed0000)]
  0x0000000018cf3800 JavaThread "Cache worker for task history cache (C:\Users\RomavicdosAnjosKulip\AndroidStudioProjects\CadastroBukAapp\.gradle\4.6\taskHistory)" [_thread_blocked, id=5580, stack(0x0000000022cd0000,0x0000000022dd0000)]
  0x0000000018ced800 JavaThread "Cache worker for file content cache (C:\Users\RomavicdosAnjosKulip\AndroidStudioProjects\CadastroBukAapp\.gradle\4.6\fileContent)" [_thread_blocked, id=2920, stack(0x0000000022720000,0x0000000022820000)]
  0x0000000018cef800 JavaThread "Memory manager" [_thread_blocked, id=5996, stack(0x0000000021c20000,0x0000000021d20000)]
  0x0000000018cef000 JavaThread "pool-1-thread-1" [_thread_blocked, id=3532, stack(0x00000000214a0000,0x00000000215a0000)]
  0x0000000018f4d800 JavaThread "Build operations Thread 4" [_thread_blocked, id=2976, stack(0x00000000210c0000,0x00000000211c0000)]
  0x0000000018f4a800 JavaThread "Build operations Thread 3" [_thread_blocked, id=5592, stack(0x0000000020fc0000,0x00000000210c0000)]
  0x0000000018f4a000 JavaThread "Build operations Thread 2" [_thread_blocked, id=2456, stack(0x0000000020ec0000,0x0000000020fc0000)]
  0x0000000018f4d000 JavaThread "Build operations" [_thread_blocked, id=3268, stack(0x0000000020cc0000,0x0000000020dc0000)]
  0x0000000018f48800 JavaThread "Cache worker for Artifact transforms cache (C:\Users\RomavicdosAnjosKulip\.gradle\caches\transforms-1)" [_thread_blocked, id=3108, stack(0x00000000209c0000,0x0000000020ac0000)]
  0x0000000019f96800 JavaThread "Cache worker for file hash cache (C:\Users\RomavicdosAnjosKulip\AndroidStudioProjects\CadastroBukAapp\.gradle\4.6\fileHashes)" [_thread_blocked, id=5712, stack(0x000000001c0e0000,0x000000001c1e0000)]
  0x0000000019809000 JavaThread "File lock request listener" [_thread_in_native, id=5028, stack(0x000000001bfe0000,0x000000001c0e0000)]
  0x0000000019808800 JavaThread "Cache worker for file hash cache (C:\Users\RomavicdosAnjosKulip\.gradle\caches\4.6\fileHashes)" [_thread_blocked, id=6100, stack(0x000000001bee0000,0x000000001bfe0000)]
  0x0000000019414000 JavaThread "Stdin handler" [_thread_blocked, id=2440, stack(0x000000001bbe0000,0x000000001bce0000)]
  0x0000000019410000 JavaThread "Asynchronous log dispatcher for DefaultDaemonConnection: socket connection from /127.0.0.1:59109 to /127.0.0.1:59110" [_thread_blocked, id=5552, stack(0x000000001bae0000,0x000000001bbe0000)]
  0x000000001941b800 JavaThread "Daemon worker" [_thread_blocked, id=3496, stack(0x000000001b9e0000,0x000000001bae0000)]
  0x000000001941a800 JavaThread "Cancel handler" [_thread_blocked, id=4696, stack(0x000000001b8e0000,0x000000001b9e0000)]
  0x0000000018ffd800 JavaThread "Handler for socket connection from /127.0.0.1:59109 to /127.0.0.1:59110" [_thread_in_native, id=5812, stack(0x000000001b5e0000,0x000000001b6e0000)]
  0x000000001938a000 JavaThread "Daemon" [_thread_blocked, id=3240, stack(0x000000001b4e0000,0x000000001b5e0000)]
  0x0000000019899000 JavaThread "Daemon periodic checks" [_thread_blocked, id=5608, stack(0x000000001b3e0000,0x000000001b4e0000)]
  0x000000001938b000 JavaThread "Incoming local TCP Connector on port 59109" [_thread_in_native, id=5528, stack(0x0000000019d00000,0x0000000019e00000)]
  0x0000000017f50800 JavaThread "Service Thread" daemon [_thread_blocked, id=608, stack(0x0000000018330000,0x0000000018430000)]
  0x00000000165cf000 JavaThread "C1 CompilerThread2" daemon [_thread_blocked, id=5544, stack(0x0000000017e30000,0x0000000017f30000)]
  0x00000000165ca000 JavaThread "C2 CompilerThread1" daemon [_thread_in_native, id=4092, stack(0x0000000017d30000,0x0000000017e30000)]
=>0x00000000165d7000 JavaThread "C2 CompilerThread0" daemon [_thread_in_native, id=3920, stack(0x0000000017c30000,0x0000000017d30000)]
  0x00000000165d5800 JavaThread "Attach Listener" daemon [_thread_blocked, id=4352, stack(0x0000000017b30000,0x0000000017c30000)]
  0x00000000165d4800 JavaThread "Signal Dispatcher" daemon [_thread_blocked, id=3968, stack(0x0000000017a30000,0x0000000017b30000)]
  0x00000000165b7800 JavaThread "Finalizer" daemon [_thread_blocked, id=5176, stack(0x0000000017840000,0x0000000017940000)]
  0x0000000002c53000 JavaThread "Reference Handler" daemon [_thread_blocked, id=2020, stack(0x0000000017740000,0x0000000017840000)]
  0x0000000002b5d800 JavaThread "main" [_thread_blocked, id=6128, stack(0x0000000002a10000,0x0000000002b10000)]

Other Threads:
  0x0000000016595000 VMThread [stack: 0x0000000017640000,0x0000000017740000] [id=4120]
  0x0000000017f55000 WatcherThread [stack: 0x0000000018430000,0x0000000018530000] [id=4780]

VM state:not at safepoint (normal execution)

VM Mutex/Monitor currently owned by a thread: None

Heap:
 PSYoungGen      total 215040K, used 49260K [0x00000000e0000000, 0x00000000ef180000, 0x0000000100000000)
  eden space 199680K, 17% used [0x00000000e0000000,0x00000000e2152060,0x00000000ec300000)
  from space 15360K, 98% used [0x00000000ee280000,0x00000000ef149298,0x00000000ef180000)
  to   space 20480K, 0% used [0x00000000ec980000,0x00000000ec980000,0x00000000edd80000)
 ParOldGen       total 98304K, used 40045K [0x00000000a0000000, 0x00000000a6000000, 0x00000000e0000000)
  object space 98304K, 40% used [0x00000000a0000000,0x00000000a271b440,0x00000000a6000000)
 Metaspace       used 66713K, capacity 69474K, committed 69544K, reserved 1110016K
  class space    used 8992K, capacity 9606K, committed 9648K, reserved 1048576K

Card table byte_map: [0x0000000012020000,0x0000000012330000] byte_map_base: 0x0000000011b20000

Marking Bits: (ParMarkBitMap*) 0x00000000761c5aa0
 Begin Bits: [0x0000000012930000, 0x0000000014130000)
 End Bits:   [0x0000000014130000, 0x0000000015930000)

Polling page: 0x0000000001180000

CodeCache: size=245760Kb used=26946Kb max_used=27344Kb free=218813Kb
 bounds [0x0000000002c60000, 0x0000000004730000, 0x0000000011c60000]
 total_blobs=9526 nmethods=8719 adapters=717
 compilation: enabled

Compilation events (10 events):
Event: 32.676 Thread 0x00000000165cf000 9811       2       com.android.tools.r8.ir.code.DebugPosition::identicalNonValueNonPositionParts (5 bytes)
Event: 32.676 Thread 0x00000000165cf000 nmethod 9811 0x00000000031c6a90 code [0x00000000031c6c00, 0x00000000031c6d88]
Event: 32.684 Thread 0x00000000165cf000 9819       1       com.android.tools.r8.ir.code.MoveException::dest (5 bytes)
Event: 32.685 Thread 0x00000000165cf000 nmethod 9819 0x000000000366a010 code [0x000000000366a160, 0x000000000366a270]
Event: 32.691 Thread 0x00000000165cf000 9820       2       com.android.tools.r8.com.google.common.collect.ImmutableCollection::toArray (44 bytes)
Event: 32.692 Thread 0x00000000165cf000 nmethod 9820 0x0000000003383d90 code [0x0000000003383f20, 0x00000000033841f8]
Event: 32.703 Thread 0x00000000165cf000 9822       2       java.util.PriorityQueue::grow (49 bytes)
Event: 32.704 Thread 0x00000000165cf000 nmethod 9822 0x0000000003000a90 code [0x0000000003000c00, 0x0000000003000e98]
Event: 32.711 Thread 0x00000000165cf000 9823       1       com.android.tools.r8.org.objectweb.asm.tree.IincInsnNode::getType (3 bytes)
Event: 32.711 Thread 0x00000000165cf000 nmethod 9823 0x0000000003688790 code [0x00000000036888e0, 0x00000000036889f0]

GC Heap History (10 events):
Event: 21.413 GC heap before
{Heap before GC invocations=13 (full 2):
 PSYoungGen      total 140288K, used 140261K [0x00000000e0000000, 0x00000000ebb80000, 0x0000000100000000)
  eden space 129024K, 100% used [0x00000000e0000000,0x00000000e7e00000,0x00000000e7e00000)
  from space 11264K, 99% used [0x00000000e8c00000,0x00000000e96f95a8,0x00000000e9700000)
  to   space 14336K, 0% used [0x00000000e7e00000,0x00000000e7e00000,0x00000000e8c00000)
 ParOldGen       total 59392K, used 22801K [0x00000000a0000000, 0x00000000a3a00000, 0x00000000e0000000)
  object space 59392K, 38% used [0x00000000a0000000,0x00000000a1644640,0x00000000a3a00000)
 Metaspace       used 53630K, capacity 55306K, committed 55464K, reserved 1097728K
  class space    used 7336K, capacity 7749K, committed 7856K, reserved 1048576K
Event: 21.454 GC heap after
Heap after GC invocations=13 (full 2):
 PSYoungGen      total 143360K, used 14305K [0x00000000e0000000, 0x00000000ec880000, 0x0000000100000000)
  eden space 129024K, 0% used [0x00000000e0000000,0x00000000e0000000,0x00000000e7e00000)
  from space 14336K, 99% used [0x00000000e7e00000,0x00000000e8bf8688,0x00000000e8c00000)
  to   space 19968K, 0% used [0x00000000eb500000,0x00000000eb500000,0x00000000ec880000)
 ParOldGen       total 59392K, used 32930K [0x00000000a0000000, 0x00000000a3a00000, 0x00000000e0000000)
  object space 59392K, 55% used [0x00000000a0000000,0x00000000a20289f8,0x00000000a3a00000)
 Metaspace       used 53630K, capacity 55306K, committed 55464K, reserved 1097728K
  class space    used 7336K, capacity 7749K, committed 7856K, reserved 1048576K
}
Event: 26.091 GC heap before
{Heap before GC invocations=14 (full 2):
 PSYoungGen      total 143360K, used 143326K [0x00000000e0000000, 0x00000000ec880000, 0x0000000100000000)
  eden space 129024K, 99% used [0x00000000e0000000,0x00000000e7dff3c8,0x00000000e7e00000)
  from space 14336K, 99% used [0x00000000e7e00000,0x00000000e8bf8688,0x00000000e8c00000)
  to   space 19968K, 0% used [0x00000000eb500000,0x00000000eb500000,0x00000000ec880000)
 ParOldGen       total 59392K, used 32930K [0x00000000a0000000, 0x00000000a3a00000, 0x00000000e0000000)
  object space 59392K, 55% used [0x00000000a0000000,0x00000000a20289f8,0x00000000a3a00000)
 Metaspace       used 57094K, capacity 58974K, committed 59160K, reserved 1099776K
  class space    used 7787K, capacity 8274K, committed 8368K, reserved 1048576K
Event: 26.137 GC heap after
Heap after GC invocations=14 (full 2):
 PSYoungGen      total 183296K, used 11057K [0x00000000e0000000, 0x00000000ec780000, 0x0000000100000000)
  eden space 164352K, 0% used [0x00000000e0000000,0x00000000e0000000,0x00000000ea080000)
  from space 18944K, 58% used [0x00000000eb500000,0x00000000ebfcc5e0,0x00000000ec780000)
  to   space 19968K, 0% used [0x00000000ea080000,0x00000000ea080000,0x00000000eb400000)
 ParOldGen       total 59392K, used 40923K [0x00000000a0000000, 0x00000000a3a00000, 0x00000000e0000000)
  object space 59392K, 68% used [0x00000000a0000000,0x00000000a27f6d00,0x00000000a3a00000)
 Metaspace       used 57094K, capacity 58974K, committed 59160K, reserved 1099776K
  class space    used 7787K, capacity 8274K, committed 8368K, reserved 1048576K
}
Event: 27.246 GC heap before
{Heap before GC invocations=15 (full 2):
 PSYoungGen      total 183296K, used 30257K [0x00000000e0000000, 0x00000000ec780000, 0x0000000100000000)
  eden space 164352K, 11% used [0x00000000e0000000,0x00000000e12bff90,0x00000000ea080000)
  from space 18944K, 58% used [0x00000000eb500000,0x00000000ebfcc5e0,0x00000000ec780000)
  to   space 19968K, 0% used [0x00000000ea080000,0x00000000ea080000,0x00000000eb400000)
 ParOldGen       total 59392K, used 40923K [0x00000000a0000000, 0x00000000a3a00000, 0x00000000e0000000)
  object space 59392K, 68% used [0x00000000a0000000,0x00000000a27f6d00,0x00000000a3a00000)
 Metaspace       used 57234K, capacity 59080K, committed 59160K, reserved 1099776K
  class space    used 7808K, capacity 8307K, committed 8368K, reserved 1048576K
Event: 27.270 GC heap after
Heap after GC invocations=15 (full 2):
 PSYoungGen      total 184320K, used 9376K [0x00000000e0000000, 0x00000000ef500000, 0x0000000100000000)
  eden space 164352K, 0% used [0x00000000e0000000,0x00000000e0000000,0x00000000ea080000)
  from space 19968K, 46% used [0x00000000ea080000,0x00000000ea9a8040,0x00000000eb400000)
  to   space 18944K, 0% used [0x00000000ee280000,0x00000000ee280000,0x00000000ef500000)
 ParOldGen       total 59392K, used 40931K [0x00000000a0000000, 0x00000000a3a00000, 0x00000000e0000000)
  object space 59392K, 68% used [0x00000000a0000000,0x00000000a27f8d00,0x00000000a3a00000)
 Metaspace       used 57234K, capacity 59080K, committed 59160K, reserved 1099776K
  class space    used 7808K, capacity 8307K, committed 8368K, reserved 1048576K
}
Event: 27.270 GC heap before
{Heap before GC invocations=16 (full 3):
 PSYoungGen      total 184320K, used 9376K [0x00000000e0000000, 0x00000000ef500000, 0x0000000100000000)
  eden space 164352K, 0% used [0x00000000e0000000,0x00000000e0000000,0x00000000ea080000)
  from space 19968K, 46% used [0x00000000ea080000,0x00000000ea9a8040,0x00000000eb400000)
  to   space 18944K, 0% used [0x00000000ee280000,0x00000000ee280000,0x00000000ef500000)
 ParOldGen       total 59392K, used 40931K [0x00000000a0000000, 0x00000000a3a00000, 0x00000000e0000000)
  object space 59392K, 68% used [0x00000000a0000000,0x00000000a27f8d00,0x00000000a3a00000)
 Metaspace       used 57234K, capacity 59080K, committed 59160K, reserved 1099776K
  class space    used 7808K, capacity 8307K, committed 8368K, reserved 1048576K
Event: 27.823 GC heap after
Heap after GC invocations=16 (full 3):
 PSYoungGen      total 184320K, used 0K [0x00000000e0000000, 0x00000000ef500000, 0x0000000100000000)
  eden space 164352K, 0% used [0x00000000e0000000,0x00000000e0000000,0x00000000ea080000)
  from space 19968K, 0% used [0x00000000ea080000,0x00000000ea080000,0x00000000eb400000)
  to   space 18944K, 0% used [0x00000000ee280000,0x00000000ee280000,0x00000000ef500000)
 ParOldGen       total 98304K, used 40037K [0x00000000a0000000, 0x00000000a6000000, 0x00000000e0000000)
  object space 98304K, 40% used [0x00000000a0000000,0x00000000a2719440,0x00000000a6000000)
 Metaspace       used 57234K, capacity 59080K, committed 59160K, reserved 1099776K
  class space    used 7808K, capacity 8307K, committed 8368K, reserved 1048576K
}
Event: 32.397 GC heap before
{Heap before GC invocations=17 (full 3):
 PSYoungGen      total 184320K, used 164352K [0x00000000e0000000, 0x00000000ef500000, 0x0000000100000000)
  eden space 164352K, 100% used [0x00000000e0000000,0x00000000ea080000,0x00000000ea080000)
  from space 19968K, 0% used [0x00000000ea080000,0x00000000ea080000,0x00000000eb400000)
  to   space 18944K, 0% used [0x00000000ee280000,0x00000000ee280000,0x00000000ef500000)
 ParOldGen       total 98304K, used 40037K [0x00000000a0000000, 0x00000000a6000000, 0x00000000e0000000)
  object space 98304K, 40% used [0x00000000a0000000,0x00000000a2719440,0x00000000a6000000)
 Metaspace       used 66694K, capacity 69470K, committed 69544K, reserved 1110016K
  class space    used 8991K, capacity 9606K, committed 9648K, reserved 1048576K
Event: 32.437 GC heap after
Heap after GC invocations=17 (full 3):
 PSYoungGen      total 215040K, used 15140K [0x00000000e0000000, 0x00000000ef180000, 0x0000000100000000)
  eden space 199680K, 0% used [0x00000000e0000000,0x00000000e0000000,0x00000000ec300000)
  from space 15360K, 98% used [0x00000000ee280000,0x00000000ef149298,0x00000000ef180000)
  to   space 20480K, 0% used [0x00000000ec980000,0x00000000ec980000,0x00000000edd80000)
 ParOldGen       total 98304K, used 40045K [0x00000000a0000000, 0x00000000a6000000, 0x00000000e0000000)
  object space 98304K, 40% used [0x00000000a0000000,0x00000000a271b440,0x00000000a6000000)
 Metaspace       used 66694K, capacity 69470K, committed 69544K, reserved 1110016K
  class space    used 8991K, capacity 9606K, committed 9648K, reserved 1048576K
}

Deoptimization events (10 events):
Event: 31.437 Thread 0x0000000018cf4000 Uncommon trap: reason=unstable_if action=reinterpret pc=0x00000000044ebc40 method=com.android.tools.r8.ir.regalloc.LiveIntervals.hasSplits()Z @ 9
Event: 31.437 Thread 0x0000000018cf4000 Uncommon trap: reason=unstable_if action=reinterpret pc=0x00000000042bb8c0 method=com.android.tools.r8.ir.regalloc.LiveIntervals.hasSplits()Z @ 9
Event: 31.437 Thread 0x0000000018cf4000 Uncommon trap: reason=unstable_if action=reinterpret pc=0x00000000044f02a8 method=com.android.tools.r8.ir.regalloc.LiveIntervals.hasSplits()Z @ 9
Event: 31.441 Thread 0x0000000018cf4000 Uncommon trap: reason=unstable_if action=reinterpret pc=0x000000000456784c method=com.android.tools.r8.ir.regalloc.LiveIntervals.hasSplits()Z @ 9
Event: 31.767 Thread 0x0000000018cfb000 Uncommon trap: reason=array_check action=maybe_recompile pc=0x0000000004430e24 method=java.util.TimSort.binarySort([Ljava/lang/Object;IIILjava/util/Comparator;)V @ 215
Event: 31.771 Thread 0x0000000018cfb000 Uncommon trap: reason=array_check action=maybe_recompile pc=0x0000000004430e24 method=java.util.TimSort.binarySort([Ljava/lang/Object;IIILjava/util/Comparator;)V @ 215
Event: 32.048 Thread 0x0000000018cf8800 Uncommon trap: reason=unstable_if action=reinterpret pc=0x0000000004596a98 method=com.android.tools.r8.ir.conversion.JarState$Slot.isCategory1(Lcom/android/tools/r8/org/objectweb/asm/Type;)Z @ 11
Event: 32.048 Thread 0x0000000018cf8800 Uncommon trap: reason=unstable_if action=reinterpret pc=0x00000000044cd8d8 method=com.android.tools.r8.ir.conversion.JarState$Slot.isCategory1(Lcom/android/tools/r8/org/objectweb/asm/Type;)Z @ 11
Event: 32.248 Thread 0x0000000018cfb000 Uncommon trap: reason=unstable_if action=reinterpret pc=0x00000000035fd014 method=java.util.HashMap.getNode(ILjava/lang/Object;)Ljava/util/HashMap$Node; @ 84
Event: 32.248 Thread 0x0000000018cfb000 Uncommon trap: reason=unstable_if action=reinterpret pc=0x000000000349d0ac method=java.util.HashMap.getNode(ILjava/lang/Object;)Ljava/util/HashMap$Node; @ 84

Classes redefined (0 events):
No events

Internal exceptions (10 events):
Event: 28.752 Thread 0x0000000018cf8800 Exception <a 'java/lang/NoSuchMethodError': java.lang.Object.lambda$and$0(Ljava/util/function/Predicate;Ljava/lang/Object;)Z> (0x00000000e0901748) thrown at [D:\src\AOSP-openjdk-cygwin\jdk8u\hotspot\src\share\vm\interpreter\linkResolver.cpp, line 584]
Event: 28.752 Thread 0x0000000018cf4000 Exception <a 'java/lang/NoSuchMethodError': java.lang.Object.lambda$and$0(Ljava/util/function/Predicate;Ljava/lang/Object;)Z> (0x00000000e080cf70) thrown at [D:\src\AOSP-openjdk-cygwin\jdk8u\hotspot\src\share\vm\interpreter\linkResolver.cpp, line 584]
Event: 28.759 Thread 0x0000000018cf8800 Exception <a 'java/lang/NoSuchMethodError': java.lang.Object.lambda$static$0(Ljava/lang/String;)Z> (0x00000000e0911be0) thrown at [D:\src\AOSP-openjdk-cygwin\jdk8u\hotspot\src\share\vm\interpreter\linkResolver.cpp, line 584]
Event: 28.788 Thread 0x0000000018cf2000 Exception <a 'sun/nio/fs/WindowsException'> (0x00000000e0985160) thrown at [D:\src\AOSP-openjdk-cygwin\jdk8u\hotspot\src\share\vm\prims\jni.cpp, line 709]
Event: 29.036 Thread 0x0000000018cf2000 Exception <a 'sun/nio/fs/WindowsException'> (0x00000000e09e3c08) thrown at [D:\src\AOSP-openjdk-cygwin\jdk8u\hotspot\src\share\vm\prims\jni.cpp, line 709]
Event: 29.335 Thread 0x0000000018cf2000 Exception <a 'sun/nio/fs/WindowsException'> (0x00000000e17bd4b0) thrown at [D:\src\AOSP-openjdk-cygwin\jdk8u\hotspot\src\share\vm\prims\jni.cpp, line 709]
Event: 29.379 Thread 0x0000000018cf2000 Exception <a 'sun/nio/fs/WindowsException'> (0x00000000e18168b8) thrown at [D:\src\AOSP-openjdk-cygwin\jdk8u\hotspot\src\share\vm\prims\jni.cpp, line 709]
Event: 29.447 Thread 0x0000000018cf2000 Exception <a 'sun/nio/fs/WindowsException'> (0x00000000e1842ff8) thrown at [D:\src\AOSP-openjdk-cygwin\jdk8u\hotspot\src\share\vm\prims\jni.cpp, line 709]
Event: 29.469 Thread 0x0000000018cf4000 Exception <a 'java/lang/NoSuchMethodError': java.lang.Object.lambda$comparingInt$7b0bb60$1(Ljava/util/function/ToIntFunction;Ljava/lang/Object;Ljava/lang/Object;)I> (0x00000000e1c1b510) thrown at [D:\src\AOSP-openjdk-cygwin\jdk8u\hotspot\src\share\vm\inte
Event: 29.469 Thread 0x0000000018cf8800 Exception <a 'java/lang/NoSuchMethodError': java.lang.Object.lambda$comparingInt$7b0bb60$1(Ljava/util/function/ToIntFunction;Ljava/lang/Object;Ljava/lang/Object;)I> (0x00000000e1c0b3b8) thrown at [D:\src\AOSP-openjdk-cygwin\jdk8u\hotspot\src\share\vm\inte

Events (10 events):
Event: 32.711 Thread 0x00000000165cf000 flushing nmethod 0x0000000003f6fa90
Event: 32.711 Thread 0x00000000165cf000 flushing nmethod 0x0000000003f73650
Event: 32.711 Thread 0x00000000165cf000 flushing nmethod 0x0000000003f75390
Event: 32.712 Thread 0x00000000165cf000 flushing nmethod 0x0000000003f80bd0
Event: 32.712 Thread 0x00000000165cf000 flushing nmethod 0x0000000003f8be50
Event: 32.712 Thread 0x00000000165cf000 flushing nmethod 0x0000000003f95390
Event: 32.712 Thread 0x00000000165cf000 flushing nmethod 0x0000000003f95d50
Event: 32.712 Thread 0x00000000165cf000 flushing nmethod 0x0000000003f97290
Event: 32.712 Thread 0x00000000165cf000 flushing nmethod 0x0000000003f9f050
Event: 32.712 Thread 0x00000000165cf000 flushing nmethod 0x0000000003fce610


Dynamic libraries:
0x00007ff639410000 - 0x00007ff639441000 	C:\Program Files\Android\Android Studio\jre\bin\java.exe
0x00007ffea33b0000 - 0x00007ffea355d000 	C:\WINDOWS\SYSTEM32\ntdll.dll
0x00007ffea0a40000 - 0x00007ffea0b7e000 	C:\WINDOWS\system32\KERNEL32.DLL
0x00007ffea0920000 - 0x00007ffea0a36000 	C:\WINDOWS\system32\KERNELBASE.dll
0x00007ffea2310000 - 0x00007ffea23ba000 	C:\WINDOWS\system32\ADVAPI32.dll
0x00007ffea2480000 - 0x00007ffea25f7000 	C:\WINDOWS\system32\USER32.dll
0x00007ffe9d530000 - 0x00007ffe9d7ab000 	C:\WINDOWS\WinSxS\amd64_microsoft.windows.common-controls_6595b64144ccf1df_6.0.9600.18006_none_623f33d3ecbe86e8\COMCTL32.dll
0x00007ffea23d0000 - 0x00007ffea247a000 	C:\WINDOWS\system32\msvcrt.dll
0x00007ffea2600000 - 0x00007ffea2659000 	C:\WINDOWS\SYSTEM32\sechost.dll
0x00007ffea28e0000 - 0x00007ffea2a20000 	C:\WINDOWS\system32\RPCRT4.dll
0x00007ffea2f70000 - 0x00007ffea30bc000 	C:\WINDOWS\system32\GDI32.dll
0x00007ffea08a0000 - 0x00007ffea08ce000 	C:\WINDOWS\system32\SspiCli.dll
0x00007ffea3370000 - 0x00007ffea33a6000 	C:\WINDOWS\system32\IMM32.DLL
0x00007ffea31b0000 - 0x00007ffea3301000 	C:\WINDOWS\system32\MSCTF.dll
0x00000000757a0000 - 0x0000000075872000 	C:\Program Files\Android\Android Studio\jre\jre\bin\msvcr100.dll
0x0000000075a00000 - 0x0000000076241000 	C:\Program Files\Android\Android Studio\jre\jre\bin\server\jvm.dll
0x00007ffe9e1c0000 - 0x00007ffe9e1c9000 	C:\WINDOWS\SYSTEM32\WSOCK32.dll
0x00007ffe9bd60000 - 0x00007ffe9bd82000 	C:\WINDOWS\SYSTEM32\WINMM.dll
0x00007ffe97b60000 - 0x00007ffe97b6a000 	C:\WINDOWS\SYSTEM32\VERSION.dll
0x00007ffea2da0000 - 0x00007ffea2da7000 	C:\WINDOWS\system32\PSAPI.DLL
0x00007ffea3310000 - 0x00007ffea336a000 	C:\WINDOWS\system32\WS2_32.dll
0x00007ffe9bbe0000 - 0x00007ffe9bc0a000 	C:\WINDOWS\SYSTEM32\WINMMBASE.dll
0x00007ffea0b80000 - 0x00007ffea0b89000 	C:\WINDOWS\system32\NSI.dll
0x00007ffea08d0000 - 0x00007ffea091f000 	C:\WINDOWS\SYSTEM32\cfgmgr32.dll
0x00007ffe9f2f0000 - 0x00007ffe9f318000 	C:\WINDOWS\SYSTEM32\DEVOBJ.dll
0x00007ffe9d8e0000 - 0x00007ffe9d8ef000 	C:\Program Files\Android\Android Studio\jre\jre\bin\verify.dll
0x00007ffe9a320000 - 0x00007ffe9a349000 	C:\Program Files\Android\Android Studio\jre\jre\bin\java.dll
0x00007ffe9c1e0000 - 0x00007ffe9c1f6000 	C:\Program Files\Android\Android Studio\jre\jre\bin\zip.dll
0x00007ffea0de0000 - 0x00007ffea230b000 	C:\WINDOWS\system32\SHELL32.dll
0x00007ffea26d0000 - 0x00007ffea28e0000 	C:\WINDOWS\SYSTEM32\combase.dll
0x00007ffea0cb0000 - 0x00007ffea0d04000 	C:\WINDOWS\system32\SHLWAPI.dll
0x00007ffe9ead0000 - 0x00007ffe9eb82000 	C:\WINDOWS\SYSTEM32\SHCORE.dll
0x00007ffea04e0000 - 0x00007ffea04f5000 	C:\WINDOWS\SYSTEM32\profapi.dll
0x00007ffe9c190000 - 0x00007ffe9c1aa000 	C:\Program Files\Android\Android Studio\jre\jre\bin\net.dll
0x00007ffe9fd70000 - 0x00007ffe9fdc9000 	C:\WINDOWS\system32\mswsock.dll
0x00007ffe9bd40000 - 0x00007ffe9bd51000 	C:\Program Files\Android\Android Studio\jre\jre\bin\nio.dll
0x00007ffe9c2c0000 - 0x00007ffe9c2de000 	C:\Users\RomavicdosAnjosKulip\.gradle\native\25\windows-amd64\native-platform.dll
0x00007ffe9ce60000 - 0x00007ffe9ce6d000 	C:\Program Files\Android\Android Studio\jre\jre\bin\management.dll
0x00007ffe9fe10000 - 0x00007ffe9fe30000 	C:\WINDOWS\SYSTEM32\CRYPTSP.dll
0x00007ffe9f9e0000 - 0x00007ffe9fa16000 	C:\WINDOWS\system32\rsaenh.dll
0x00007ffea0090000 - 0x00007ffea00b6000 	C:\WINDOWS\SYSTEM32\bcrypt.dll
0x00007ffe9fba0000 - 0x00007ffe9fbc1000 	C:\WINDOWS\SYSTEM32\USERENV.dll
0x00007ffea03b0000 - 0x00007ffea0413000 	C:\WINDOWS\system32\bcryptprimitives.dll
0x00007ffea0420000 - 0x00007ffea042b000 	C:\WINDOWS\SYSTEM32\CRYPTBASE.dll
0x00007ffe9bae0000 - 0x00007ffe9bb0a000 	C:\WINDOWS\SYSTEM32\IPHLPAPI.DLL
0x00007ffe9bad0000 - 0x00007ffe9bada000 	C:\WINDOWS\SYSTEM32\WINNSI.DLL
0x00007ffe9b080000 - 0x00007ffe9b096000 	C:\WINDOWS\SYSTEM32\dhcpcsvc6.DLL
0x00007ffe9b520000 - 0x00007ffe9b53a000 	C:\WINDOWS\SYSTEM32\dhcpcsvc.DLL
0x00007ffe9ee40000 - 0x00007ffe9ee72000 	C:\WINDOWS\SYSTEM32\ntmarta.dll

VM Arguments:
jvm_args: -Xmx1536m -Dfile.encoding=windows-1252 -Duser.country=BR -Duser.language=pt -Duser.variant 
java_command: org.gradle.launcher.daemon.bootstrap.GradleDaemon 4.6
java_class_path (initial): C:\Users\RomavicdosAnjosKulip\.gradle\wrapper\dists\gradle-4.6-all\bcst21l2brirad8k2ben1letg\gradle-4.6\lib\gradle-launcher-4.6.jar
Launcher Type: SUN_STANDARD

Environment Variables:
PATH=C:\Program Files (x86)\Common Files\Oracle\Java\javapath;C:\ProgramData\Oracle\Java\javapath;C:\WINDOWS\system32;C:\WINDOWS;C:\WINDOWS\System32\Wbem;C:\WINDOWS\System32\WindowsPowerShell\v1.0\;C:\Program Files\Git\cmd;C:\Users\RomavicdosAnjosKulip\AppData\Local\GitHubDesktop\bin
USERNAME=RomavicdosAnjosKulip
OS=Windows_NT
PROCESSOR_IDENTIFIER=Intel64 Family 6 Model 69 Stepping 1, GenuineIntel



---------------  S Y S T E M  ---------------

OS: Windows 8.1 , 64 bit Build 9600 (6.3.9600.17415)

CPU:total 4 (initial active 4) (2 cores per cpu, 2 threads per core) family 6 model 69 stepping 1, cmov, cx8, fxsr, mmx, sse, sse2, sse3, ssse3, sse4.1, sse4.2, popcnt, avx, avx2, aes, clmul, erms, lzcnt, ht, tsc, tscinvbit, bmi1, bmi2

Memory: 4k page, physical 4097112k(102816k free), swap 7242840k(5620k free)

vm_info: OpenJDK 64-Bit Server VM (25.152-b06) for windows-amd64 JRE (1.8.0_152-release-1136-b06), built by "builder" with MS VC++ 10.0 (VS2010)

time: Wed Jan 16 10:45:04 2019
elapsed time: 32 seconds (0d 0h 0m 32s)

