#
# There is insufficient memory for the Java Runtime Environment to continue.
# Native memory allocation (malloc) failed to allocate 65552 bytes for Chunk::new
# Possible reasons:
#   The system is out of physical RAM or swap space
#   In 32 bit mode, the process size limit was hit
# Possible solutions:
#   Reduce memory load on the system
#   Increase physical memory or swap space
#   Check if swap backing store is full
#   Use 64 bit Java on a 64 bit OS
#   Decrease Java heap size (-Xmx/-Xms)
#   Decrease number of Java threads
#   Decrease Java thread stack sizes (-Xss)
#   Set larger code cache with -XX:ReservedCodeCacheSize=
# This output file may be truncated or incomplete.
#
#  Out of Memory Error (allocation.cpp:390), pid=6128, tid=0x00000000000015cc
#
# JRE version: OpenJDK Runtime Environment (8.0_152-b06) (build 1.8.0_152-release-1136-b06)
# Java VM: OpenJDK 64-Bit Server VM (25.152-b06 mixed mode windows-amd64 compressed oops)
# Failed to write core dump. Minidumps are not enabled by default on client versions of Windows
#

---------------  T H R E A D  ---------------

Current thread (0x0000000015c5a000):  JavaThread "C2 CompilerThread1" daemon [_thread_in_native, id=5580, stack(0x00000000173b0000,0x00000000174b0000)]

Stack: [0x00000000173b0000,0x00000000174b0000]
[error occurred during error reporting (printing stack bounds), id 0xc0000005]

Native frames: (J=compiled Java code, j=interpreted, Vv=VM code, C=native code)


Current CompileTask:
C2:  67399 7840       4       com.sun.org.apache.xerces.internal.impl.XMLNSDocumentScannerImpl::scanStartElement (1026 bytes)


---------------  P R O C E S S  ---------------

Java Threads: ( => current thread )
  0x000000001e9fa800 JavaThread "Task worker for ':' Thread 3" [_thread_blocked, id=4060, stack(0x0000000022a80000,0x0000000022b80000)]
  0x000000001e9fc000 JavaThread "Task worker for ':' Thread 2" [_thread_blocked, id=6036, stack(0x0000000022980000,0x0000000022a80000)]
  0x000000001e9fd800 JavaThread "Task worker for ':'" [_thread_blocked, id=2020, stack(0x0000000022880000,0x0000000022980000)]
  0x000000001e9fc800 JavaThread "Cache worker for Build Output Cleanup Cache (C:\Users\RomavicdosAnjosKulip\AndroidStudioProjects\CadastroBukAapp\.gradle\buildOutputCleanup)" [_thread_blocked, id=3968, stack(0x0000000022780000,0x0000000022880000)]
  0x000000001e9f9800 JavaThread "Cache worker for task history cache (C:\Users\RomavicdosAnjosKulip\AndroidStudioProjects\CadastroBukAapp\.gradle\4.6\taskHistory)" [_thread_blocked, id=5176, stack(0x0000000021de0000,0x0000000021ee0000)]
  0x000000001aa42000 JavaThread "Memory manager" [_thread_blocked, id=6120, stack(0x00000000212e0000,0x00000000213e0000)]
  0x000000001aa40800 JavaThread "pool-1-thread-1" [_thread_blocked, id=2880, stack(0x0000000020fe0000,0x00000000210e0000)]
  0x000000001aa40000 JavaThread "Build operations Thread 4" [_thread_blocked, id=288, stack(0x000000001f990000,0x000000001fa90000)]
  0x000000001aa3f000 JavaThread "Build operations Thread 3" [_thread_blocked, id=1228, stack(0x000000001f890000,0x000000001f990000)]
  0x000000001aa3b800 JavaThread "Build operations Thread 2" [_thread_blocked, id=3940, stack(0x000000001f570000,0x000000001f670000)]
  0x000000001aa3e800 JavaThread "Build operations" [_thread_blocked, id=5356, stack(0x000000001dbb0000,0x000000001dcb0000)]
  0x000000001aa3d800 JavaThread "Cache worker for Artifact transforms cache (C:\Users\RomavicdosAnjosKulip\.gradle\caches\transforms-1)" [_thread_blocked, id=1764, stack(0x000000001ca00000,0x000000001cb00000)]
  0x000000001ad01800 JavaThread "Cache worker for file hash cache (C:\Users\RomavicdosAnjosKulip\AndroidStudioProjects\CadastroBukAapp\.gradle\4.6\fileHashes)" [_thread_blocked, id=4828, stack(0x000000001b730000,0x000000001b830000)]
  0x00000000186ba800 JavaThread "File lock request listener" [_thread_in_native, id=4276, stack(0x000000001a660000,0x000000001a760000)]
  0x00000000177f9800 JavaThread "Cache worker for file hash cache (C:\Users\RomavicdosAnjosKulip\.gradle\caches\4.6\fileHashes)" [_thread_blocked, id=4576, stack(0x000000001a560000,0x000000001a660000)]
  0x00000000177fa000 JavaThread "Asynchronous log dispatcher for DefaultDaemonConnection: socket connection from /127.0.0.1:59127 to /127.0.0.1:59128" [_thread_blocked, id=3288, stack(0x000000001a160000,0x000000001a260000)]
  0x00000000177f1000 JavaThread "Daemon worker" [_thread_in_native, id=3380, stack(0x000000001a060000,0x000000001a160000)]
  0x0000000018022000 JavaThread "Cancel handler" [_thread_blocked, id=2776, stack(0x0000000019f60000,0x000000001a060000)]
  0x000000001806c000 JavaThread "Handler for socket connection from /127.0.0.1:59127 to /127.0.0.1:59128" [_thread_in_native, id=3216, stack(0x0000000019c60000,0x0000000019d60000)]
  0x000000001894e800 JavaThread "Daemon" [_thread_blocked, id=3692, stack(0x0000000019b60000,0x0000000019c60000)]
  0x00000000180ac000 JavaThread "Daemon periodic checks" [_thread_blocked, id=6092, stack(0x0000000019a60000,0x0000000019b60000)]
  0x000000001807d000 JavaThread "Incoming local TCP Connector on port 59127" [_thread_in_native, id=1648, stack(0x0000000019860000,0x0000000019960000)]
  0x00000000175d0800 JavaThread "Service Thread" daemon [_thread_blocked, id=4908, stack(0x00000000179b0000,0x0000000017ab0000)]
  0x0000000015c5f000 JavaThread "C1 CompilerThread2" daemon [_thread_blocked, id=6084, stack(0x00000000174b0000,0x00000000175b0000)]
=>0x0000000015c5a000 JavaThread "C2 CompilerThread1" daemon [_thread_in_native, id=5580, stack(0x00000000173b0000,0x00000000174b0000)]
  0x0000000015c66000 JavaThread "C2 CompilerThread0" daemon [_thread_in_native, id=2920, stack(0x00000000172b0000,0x00000000173b0000)]
  0x0000000015c64800 JavaThread "Attach Listener" daemon [_thread_blocked, id=5996, stack(0x00000000171b0000,0x00000000172b0000)]
  0x0000000015c63800 JavaThread "Signal Dispatcher" daemon [_thread_blocked, id=3532, stack(0x00000000170b0000,0x00000000171b0000)]
  0x00000000022bc000 JavaThread "Finalizer" daemon [_thread_blocked, id=2456, stack(0x0000000016eb0000,0x0000000016fb0000)]
  0x00000000022b0800 JavaThread "Reference Handler" daemon [_thread_blocked, id=5592, stack(0x0000000016db0000,0x0000000016eb0000)]
  0x00000000020bd800 JavaThread "main" [_thread_blocked, id=5028, stack(0x00000000020c0000,0x00000000021c0000)]

Other Threads:
  0x0000000015c25800 VMThread [stack: 0x0000000016cb0000,0x0000000016db0000] [id=2976]
  0x00000000175d1000 WatcherThread [stack: 0x0000000017ab0000,0x0000000017bb0000] [id=4476]

VM state:not at safepoint (normal execution)

VM Mutex/Monitor currently owned by a thread: None

Heap:
 PSYoungGen      total 193536K, used 70484K [0x00000000e0000000, 0x00000000f2000000, 0x0000000100000000)
  eden space 175104K, 40% used [0x00000000e0000000,0x00000000e44d52c8,0x00000000eab00000)
  from space 18432K, 0% used [0x00000000eab00000,0x00000000eab00000,0x00000000ebd00000)
  to   space 18944K, 0% used [0x00000000f0d80000,0x00000000f0d80000,0x00000000f2000000)
 ParOldGen       total 90112K, used 37991K [0x00000000a0000000, 0x00000000a5800000, 0x00000000e0000000)
  object space 90112K, 42% used [0x00000000a0000000,0x00000000a2519d30,0x00000000a5800000)
 Metaspace       used 57945K, capacity 59804K, committed 60032K, reserved 1101824K
  class space    used 7840K, capacity 8287K, committed 8320K, reserved 1048576K

Card table byte_map: [0x0000000011690000,0x00000000119a0000] byte_map_base: 0x0000000011190000

Marking Bits: (ParMarkBitMap*) 0x00000000761c5aa0
 Begin Bits: [0x0000000011fa0000, 0x00000000137a0000)
 End Bits:   [0x00000000137a0000, 0x0000000014fa0000)

Polling page: 0x0000000000820000

CodeCache: size=245760Kb used=23392Kb max_used=23403Kb free=222367Kb
 bounds [0x00000000022d0000, 0x00000000039d0000, 0x00000000112d0000]
 total_blobs=7803 nmethods=7018 adapters=697
 compilation: enabled

Compilation events (10 events):
Event: 67.234 Thread 0x0000000015c5a000 7840       4       com.sun.org.apache.xerces.internal.impl.XMLNSDocumentScannerImpl::scanStartElement (1026 bytes)
Event: 67.234 Thread 0x0000000015c66000 7841       4       com.sun.org.apache.xerces.internal.dom.AttrImpl::setValue (382 bytes)
Event: 67.243 Thread 0x0000000015c66000 nmethod 7841 0x00000000039ae1d0 code [0x00000000039ae340, 0x00000000039ae658]
Event: 67.276 Thread 0x0000000015c66000 7842       4       com.sun.org.apache.xerces.internal.dom.CoreDocumentImpl::createAttribute (47 bytes)
Event: 67.288 Thread 0x0000000015c66000 nmethod 7842 0x00000000039bc490 code [0x00000000039bc5e0, 0x00000000039bc998]
Event: 67.288 Thread 0x0000000015c66000 7843       4       com.sun.org.apache.xerces.internal.dom.ElementImpl::setAttributeNode (112 bytes)
Event: 67.300 Thread 0x0000000015c66000 nmethod 7843 0x00000000039bf450 code [0x00000000039bf5e0, 0x00000000039bfa28]
Event: 67.300 Thread 0x0000000015c66000 7844       4       com.sun.org.apache.xerces.internal.dom.CoreDocumentImpl::checkNamespaceWF (50 bytes)
Event: 67.302 Thread 0x0000000015c66000 nmethod 7844 0x00000000039add90 code [0x00000000039adee0, 0x00000000039adfd8]
Event: 67.339 Thread 0x0000000015c66000 7845   !   4       com.android.utils.PositionXmlParser$DomBuilder::startElement (272 bytes)

GC Heap History (10 events):
Event: 31.010 GC heap before
{Heap before GC invocations=12 (full 2):
 PSYoungGen      total 110080K, used 100352K [0x00000000e0000000, 0x00000000e9600000, 0x0000000100000000)
  eden space 100352K, 100% used [0x00000000e0000000,0x00000000e6200000,0x00000000e6200000)
  from space 9728K, 0% used [0x00000000e6200000,0x00000000e6200000,0x00000000e6b80000)
  to   space 10752K, 0% used [0x00000000e8b80000,0x00000000e8b80000,0x00000000e9600000)
 ParOldGen       total 54784K, used 16008K [0x00000000a0000000, 0x00000000a3580000, 0x00000000e0000000)
  object space 54784K, 29% used [0x00000000a0000000,0x00000000a0fa20e8,0x00000000a3580000)
 Metaspace       used 41127K, capacity 41854K, committed 42112K, reserved 1085440K
  class space    used 5512K, capacity 5741K, committed 5760K, reserved 1048576K
Event: 31.138 GC heap after
Heap after GC invocations=12 (full 2):
 PSYoungGen      total 140800K, used 10722K [0x00000000e0000000, 0x00000000e9f00000, 0x0000000100000000)
  eden space 130048K, 0% used [0x00000000e0000000,0x00000000e0000000,0x00000000e7f00000)
  from space 10752K, 99% used [0x00000000e8b80000,0x00000000e95f88c8,0x00000000e9600000)
  to   space 12800K, 0% used [0x00000000e7f00000,0x00000000e7f00000,0x00000000e8b80000)
 ParOldGen       total 54784K, used 17271K [0x00000000a0000000, 0x00000000a3580000, 0x00000000e0000000)
  object space 54784K, 31% used [0x00000000a0000000,0x00000000a10ddcc8,0x00000000a3580000)
 Metaspace       used 41127K, capacity 41854K, committed 42112K, reserved 1085440K
  class space    used 5512K, capacity 5741K, committed 5760K, reserved 1048576K
}
Event: 37.602 GC heap before
{Heap before GC invocations=13 (full 2):
 PSYoungGen      total 140800K, used 140770K [0x00000000e0000000, 0x00000000e9f00000, 0x0000000100000000)
  eden space 130048K, 100% used [0x00000000e0000000,0x00000000e7f00000,0x00000000e7f00000)
  from space 10752K, 99% used [0x00000000e8b80000,0x00000000e95f88c8,0x00000000e9600000)
  to   space 12800K, 0% used [0x00000000e7f00000,0x00000000e7f00000,0x00000000e8b80000)
 ParOldGen       total 54784K, used 17271K [0x00000000a0000000, 0x00000000a3580000, 0x00000000e0000000)
  object space 54784K, 31% used [0x00000000a0000000,0x00000000a10ddcc8,0x00000000a3580000)
 Metaspace       used 52256K, capacity 53736K, committed 53888K, reserved 1095680K
  class space    used 7097K, capacity 7479K, committed 7552K, reserved 1048576K
Event: 37.681 GC heap after
Heap after GC invocations=13 (full 2):
 PSYoungGen      total 142848K, used 12773K [0x00000000e0000000, 0x00000000ece00000, 0x0000000100000000)
  eden space 130048K, 0% used [0x00000000e0000000,0x00000000e0000000,0x00000000e7f00000)
  from space 12800K, 99% used [0x00000000e7f00000,0x00000000e8b794f0,0x00000000e8b80000)
  to   space 17408K, 0% used [0x00000000ebd00000,0x00000000ebd00000,0x00000000ece00000)
 ParOldGen       total 54784K, used 25624K [0x00000000a0000000, 0x00000000a3580000, 0x00000000e0000000)
  object space 54784K, 46% used [0x00000000a0000000,0x00000000a1906010,0x00000000a3580000)
 Metaspace       used 52256K, capacity 53736K, committed 53888K, reserved 1095680K
  class space    used 7097K, capacity 7479K, committed 7552K, reserved 1048576K
}
Event: 58.258 GC heap before
{Heap before GC invocations=14 (full 2):
 PSYoungGen      total 142848K, used 142821K [0x00000000e0000000, 0x00000000ece00000, 0x0000000100000000)
  eden space 130048K, 100% used [0x00000000e0000000,0x00000000e7f00000,0x00000000e7f00000)
  from space 12800K, 99% used [0x00000000e7f00000,0x00000000e8b794f0,0x00000000e8b80000)
  to   space 17408K, 0% used [0x00000000ebd00000,0x00000000ebd00000,0x00000000ece00000)
 ParOldGen       total 54784K, used 25624K [0x00000000a0000000, 0x00000000a3580000, 0x00000000e0000000)
  object space 54784K, 46% used [0x00000000a0000000,0x00000000a1906010,0x00000000a3580000)
 Metaspace       used 56872K, capacity 58676K, committed 58880K, reserved 1099776K
  class space    used 7739K, capacity 8189K, committed 8192K, reserved 1048576K
Event: 58.581 GC heap after
Heap after GC invocations=14 (full 2):
 PSYoungGen      total 192512K, used 12841K [0x00000000e0000000, 0x00000000ecf80000, 0x0000000100000000)
  eden space 175104K, 0% used [0x00000000e0000000,0x00000000e0000000,0x00000000eab00000)
  from space 17408K, 73% used [0x00000000ebd00000,0x00000000ec98a730,0x00000000ece00000)
  to   space 18432K, 0% used [0x00000000eab00000,0x00000000eab00000,0x00000000ebd00000)
 ParOldGen       total 54784K, used 38289K [0x00000000a0000000, 0x00000000a3580000, 0x00000000e0000000)
  object space 54784K, 69% used [0x00000000a0000000,0x00000000a25646a8,0x00000000a3580000)
 Metaspace       used 56872K, capacity 58676K, committed 58880K, reserved 1099776K
  class space    used 7739K, capacity 8189K, committed 8192K, reserved 1048576K
}
Event: 59.247 GC heap before
{Heap before GC invocations=15 (full 2):
 PSYoungGen      total 192512K, used 20422K [0x00000000e0000000, 0x00000000ecf80000, 0x0000000100000000)
  eden space 175104K, 4% used [0x00000000e0000000,0x00000000e07671e8,0x00000000eab00000)
  from space 17408K, 73% used [0x00000000ebd00000,0x00000000ec98a730,0x00000000ece00000)
  to   space 18432K, 0% used [0x00000000eab00000,0x00000000eab00000,0x00000000ebd00000)
 ParOldGen       total 54784K, used 38289K [0x00000000a0000000, 0x00000000a3580000, 0x00000000e0000000)
  object space 54784K, 69% used [0x00000000a0000000,0x00000000a25646a8,0x00000000a3580000)
 Metaspace       used 57051K, capacity 58902K, committed 59008K, reserved 1099776K
  class space    used 7760K, capacity 8222K, committed 8320K, reserved 1048576K
Event: 59.334 GC heap after
Heap after GC invocations=15 (full 2):
 PSYoungGen      total 193536K, used 432K [0x00000000e0000000, 0x00000000f2000000, 0x0000000100000000)
  eden space 175104K, 0% used [0x00000000e0000000,0x00000000e0000000,0x00000000eab00000)
  from space 18432K, 2% used [0x00000000eab00000,0x00000000eab6c3e0,0x00000000ebd00000)
  to   space 18944K, 0% used [0x00000000f0d80000,0x00000000f0d80000,0x00000000f2000000)
 ParOldGen       total 54784K, used 48135K [0x00000000a0000000, 0x00000000a3580000, 0x00000000e0000000)
  object space 54784K, 87% used [0x00000000a0000000,0x00000000a2f01e28,0x00000000a3580000)
 Metaspace       used 57051K, capacity 58902K, committed 59008K, reserved 1099776K
  class space    used 7760K, capacity 8222K, committed 8320K, reserved 1048576K
}
Event: 59.334 GC heap before
{Heap before GC invocations=16 (full 3):
 PSYoungGen      total 193536K, used 432K [0x00000000e0000000, 0x00000000f2000000, 0x0000000100000000)
  eden space 175104K, 0% used [0x00000000e0000000,0x00000000e0000000,0x00000000eab00000)
  from space 18432K, 2% used [0x00000000eab00000,0x00000000eab6c3e0,0x00000000ebd00000)
  to   space 18944K, 0% used [0x00000000f0d80000,0x00000000f0d80000,0x00000000f2000000)
 ParOldGen       total 54784K, used 48135K [0x00000000a0000000, 0x00000000a3580000, 0x00000000e0000000)
  object space 54784K, 87% used [0x00000000a0000000,0x00000000a2f01e28,0x00000000a3580000)
 Metaspace       used 57051K, capacity 58902K, committed 59008K, reserved 1099776K
  class space    used 7760K, capacity 8222K, committed 8320K, reserved 1048576K
Event: 60.247 GC heap after
Heap after GC invocations=16 (full 3):
 PSYoungGen      total 193536K, used 0K [0x00000000e0000000, 0x00000000f2000000, 0x0000000100000000)
  eden space 175104K, 0% used [0x00000000e0000000,0x00000000e0000000,0x00000000eab00000)
  from space 18432K, 0% used [0x00000000eab00000,0x00000000eab00000,0x00000000ebd00000)
  to   space 18944K, 0% used [0x00000000f0d80000,0x00000000f0d80000,0x00000000f2000000)
 ParOldGen       total 90112K, used 37991K [0x00000000a0000000, 0x00000000a5800000, 0x00000000e0000000)
  object space 90112K, 42% used [0x00000000a0000000,0x00000000a2519d30,0x00000000a5800000)
 Metaspace       used 57051K, capacity 58902K, committed 59008K, reserved 1099776K
  class space    used 7760K, capacity 8222K, committed 8320K, reserved 1048576K
}

Deoptimization events (10 events):
Event: 58.734 Thread 0x00000000177f1000 Uncommon trap: reason=unstable_if action=reinterpret pc=0x00000000037610b0 method=com.google.common.collect.MapMakerInternalMap$Segment.runUnlockedCleanup()V @ 4
Event: 58.734 Thread 0x00000000177f1000 Uncommon trap: reason=unstable_if action=reinterpret pc=0x0000000003760030 method=com.google.common.collect.MapMakerInternalMap$Segment.runUnlockedCleanup()V @ 4
Event: 61.901 Thread 0x00000000177f1000 Uncommon trap: reason=unstable_if action=reinterpret pc=0x000000000356bd68 method=java.lang.String.regionMatches(ILjava/lang/String;II)Z @ 39
Event: 62.146 Thread 0x00000000177f1000 Uncommon trap: reason=unstable_if action=reinterpret pc=0x000000000253dac4 method=sun.nio.cs.UTF_8$Decoder.decode([BII[C)I @ 30
Event: 65.051 Thread 0x00000000177f1000 Uncommon trap: reason=unstable_if action=reinterpret pc=0x00000000038bdfe8 method=java.lang.Character.isSurrogate(C)Z @ 3
Event: 65.137 Thread 0x00000000177f1000 Uncommon trap: reason=unstable_if action=reinterpret pc=0x0000000003298120 method=com.sun.org.apache.xerces.internal.util.SymbolTable.addSymbol([CII)Ljava/lang/String; @ 64
Event: 65.704 Thread 0x00000000177f1000 Uncommon trap: reason=class_check action=maybe_recompile pc=0x00000000039222a8 method=com.sun.org.apache.xerces.internal.dom.NamedNodeMapImpl.findNamePoint(Ljava/lang/String;I)I @ 54
Event: 65.705 Thread 0x00000000177f1000 Uncommon trap: reason=class_check action=maybe_recompile pc=0x00000000039222a8 method=com.sun.org.apache.xerces.internal.dom.NamedNodeMapImpl.findNamePoint(Ljava/lang/String;I)I @ 54
Event: 65.705 Thread 0x00000000177f1000 Uncommon trap: reason=class_check action=maybe_recompile pc=0x00000000039222a8 method=com.sun.org.apache.xerces.internal.dom.NamedNodeMapImpl.findNamePoint(Ljava/lang/String;I)I @ 54
Event: 65.705 Thread 0x00000000177f1000 Uncommon trap: reason=class_check action=maybe_recompile pc=0x00000000039222a8 method=com.sun.org.apache.xerces.internal.dom.NamedNodeMapImpl.findNamePoint(Ljava/lang/String;I)I @ 54

Classes redefined (0 events):
No events

Internal exceptions (10 events):
Event: 55.844 Thread 0x00000000177f1000 Exception <a 'sun/nio/fs/WindowsException'> (0x00000000e7394400) thrown at [D:\src\AOSP-openjdk-cygwin\jdk8u\hotspot\src\share\vm\prims\jni.cpp, line 709]
Event: 55.855 Thread 0x00000000177f1000 Exception <a 'sun/nio/fs/WindowsException'> (0x00000000e73bedb8) thrown at [D:\src\AOSP-openjdk-cygwin\jdk8u\hotspot\src\share\vm\prims\jni.cpp, line 709]
Event: 55.855 Thread 0x00000000177f1000 Exception <a 'sun/nio/fs/WindowsException'> (0x00000000e73bfbc0) thrown at [D:\src\AOSP-openjdk-cygwin\jdk8u\hotspot\src\share\vm\prims\jni.cpp, line 709]
Event: 55.855 Thread 0x00000000177f1000 Exception <a 'sun/nio/fs/WindowsException'> (0x00000000e73c1d48) thrown at [D:\src\AOSP-openjdk-cygwin\jdk8u\hotspot\src\share\vm\prims\jni.cpp, line 709]
Event: 55.855 Thread 0x00000000177f1000 Exception <a 'sun/nio/fs/WindowsException'> (0x00000000e73c2b58) thrown at [D:\src\AOSP-openjdk-cygwin\jdk8u\hotspot\src\share\vm\prims\jni.cpp, line 709]
Event: 56.141 Thread 0x00000000177f1000 Exception <a 'java/lang/NoSuchMethodError': <clinit>> (0x00000000e749f758) thrown at [D:\src\AOSP-openjdk-cygwin\jdk8u\hotspot\src\share\vm\prims\jni.cpp, line 1613]
Event: 56.144 Thread 0x00000000177f1000 Exception <a 'java/lang/NoSuchMethodError': <clinit>> (0x00000000e74aa468) thrown at [D:\src\AOSP-openjdk-cygwin\jdk8u\hotspot\src\share\vm\prims\jni.cpp, line 1613]
Event: 56.154 Thread 0x00000000177f1000 Exception <a 'java/lang/NoSuchMethodError': <clinit>> (0x00000000e74c6e00) thrown at [D:\src\AOSP-openjdk-cygwin\jdk8u\hotspot\src\share\vm\prims\jni.cpp, line 1613]
Event: 56.157 Thread 0x00000000177f1000 Exception <a 'java/lang/NoSuchMethodError': <clinit>> (0x00000000e74d5898) thrown at [D:\src\AOSP-openjdk-cygwin\jdk8u\hotspot\src\share\vm\prims\jni.cpp, line 1613]
Event: 56.276 Thread 0x00000000177f1000 Exception <a 'sun/nio/fs/WindowsException'> (0x00000000e74e5328) thrown at [D:\src\AOSP-openjdk-cygwin\jdk8u\hotspot\src\share\vm\prims\jni.cpp, line 709]

Events (10 events):
Event: 65.705 Thread 0x00000000177f1000 DEOPT PACKING pc=0x00000000039222a8 sp=0x000000001a15a2e0
Event: 65.705 Thread 0x00000000177f1000 DEOPT UNPACKING pc=0x000000000231557b sp=0x000000001a15a298 mode 2
Event: 65.705 Thread 0x00000000177f1000 Uncommon trap: trap_request=0xffffffde fr.pc=0x00000000039222a8
Event: 65.705 Thread 0x00000000177f1000 DEOPT PACKING pc=0x00000000039222a8 sp=0x000000001a15a2e0
Event: 65.705 Thread 0x00000000177f1000 DEOPT UNPACKING pc=0x000000000231557b sp=0x000000001a15a298 mode 2
Event: 65.888 Thread 0x00000000180ac000 DEOPT PACKING pc=0x00000000031200e0 sp=0x0000000019b5e150
Event: 65.888 Thread 0x00000000180ac000 DEOPT UNPACKING pc=0x00000000023175d0 sp=0x0000000019b5df08 mode 0
Event: 66.391 Executing VM operation: RevokeBias
Event: 66.391 Executing VM operation: RevokeBias done
Event: 66.391 Thread 0x00000000177fb000 Thread exited: 0x00000000177fb000


Dynamic libraries:
0x00007ff76ef40000 - 0x00007ff76ef71000 	C:\Program Files\Android\Android Studio\jre\bin\java.exe
0x00007ffea33b0000 - 0x00007ffea355d000 	C:\WINDOWS\SYSTEM32\ntdll.dll
0x00007ffea0a40000 - 0x00007ffea0b7e000 	C:\WINDOWS\system32\KERNEL32.DLL
0x00007ffea0920000 - 0x00007ffea0a36000 	C:\WINDOWS\system32\KERNELBASE.dll
0x00007ffea2310000 - 0x00007ffea23ba000 	C:\WINDOWS\system32\ADVAPI32.dll
0x00007ffea2480000 - 0x00007ffea25f7000 	C:\WINDOWS\system32\USER32.dll
0x00007ffe9d530000 - 0x00007ffe9d7ab000 	C:\WINDOWS\WinSxS\amd64_microsoft.windows.common-controls_6595b64144ccf1df_6.0.9600.18006_none_623f33d3ecbe86e8\COMCTL32.dll
0x00007ffea23d0000 - 0x00007ffea247a000 	C:\WINDOWS\system32\msvcrt.dll
0x00007ffea2600000 - 0x00007ffea2659000 	C:\WINDOWS\SYSTEM32\sechost.dll
0x00007ffea28e0000 - 0x00007ffea2a20000 	C:\WINDOWS\system32\RPCRT4.dll
0x00007ffea2f70000 - 0x00007ffea30bc000 	C:\WINDOWS\system32\GDI32.dll
0x00007ffea08a0000 - 0x00007ffea08ce000 	C:\WINDOWS\system32\SspiCli.dll
0x00007ffea3370000 - 0x00007ffea33a6000 	C:\WINDOWS\system32\IMM32.DLL
0x00007ffea31b0000 - 0x00007ffea3301000 	C:\WINDOWS\system32\MSCTF.dll
0x00000000757a0000 - 0x0000000075872000 	C:\Program Files\Android\Android Studio\jre\jre\bin\msvcr100.dll
0x0000000075a00000 - 0x0000000076241000 	C:\Program Files\Android\Android Studio\jre\jre\bin\server\jvm.dll
0x00007ffe9e1c0000 - 0x00007ffe9e1c9000 	C:\WINDOWS\SYSTEM32\WSOCK32.dll
0x00007ffe9bd60000 - 0x00007ffe9bd82000 	C:\WINDOWS\SYSTEM32\WINMM.dll
0x00007ffe97b60000 - 0x00007ffe97b6a000 	C:\WINDOWS\SYSTEM32\VERSION.dll
0x00007ffea2da0000 - 0x00007ffea2da7000 	C:\WINDOWS\system32\PSAPI.DLL
0x00007ffea3310000 - 0x00007ffea336a000 	C:\WINDOWS\system32\WS2_32.dll
0x00007ffe9bbe0000 - 0x00007ffe9bc0a000 	C:\WINDOWS\SYSTEM32\WINMMBASE.dll
0x00007ffea0b80000 - 0x00007ffea0b89000 	C:\WINDOWS\system32\NSI.dll
0x00007ffea08d0000 - 0x00007ffea091f000 	C:\WINDOWS\SYSTEM32\cfgmgr32.dll
0x00007ffe9f2f0000 - 0x00007ffe9f318000 	C:\WINDOWS\SYSTEM32\DEVOBJ.dll
0x00007ffe9d8e0000 - 0x00007ffe9d8ef000 	C:\Program Files\Android\Android Studio\jre\jre\bin\verify.dll
0x00007ffe9a320000 - 0x00007ffe9a349000 	C:\Program Files\Android\Android Studio\jre\jre\bin\java.dll
0x00007ffe9c1e0000 - 0x00007ffe9c1f6000 	C:\Program Files\Android\Android Studio\jre\jre\bin\zip.dll
0x00007ffea0de0000 - 0x00007ffea230b000 	C:\WINDOWS\system32\SHELL32.dll
0x00007ffea26d0000 - 0x00007ffea28e0000 	C:\WINDOWS\SYSTEM32\combase.dll
0x00007ffea0cb0000 - 0x00007ffea0d04000 	C:\WINDOWS\system32\SHLWAPI.dll
0x00007ffe9ead0000 - 0x00007ffe9eb82000 	C:\WINDOWS\SYSTEM32\SHCORE.dll
0x00007ffea04e0000 - 0x00007ffea04f5000 	C:\WINDOWS\SYSTEM32\profapi.dll
0x00007ffe9c190000 - 0x00007ffe9c1aa000 	C:\Program Files\Android\Android Studio\jre\jre\bin\net.dll
0x00007ffe9fd70000 - 0x00007ffe9fdc9000 	C:\WINDOWS\system32\mswsock.dll
0x00007ffe9bd40000 - 0x00007ffe9bd51000 	C:\Program Files\Android\Android Studio\jre\jre\bin\nio.dll
0x00007ffe9c2c0000 - 0x00007ffe9c2de000 	C:\Users\RomavicdosAnjosKulip\.gradle\native\25\windows-amd64\native-platform.dll
0x00007ffe9ce60000 - 0x00007ffe9ce6d000 	C:\Program Files\Android\Android Studio\jre\jre\bin\management.dll
0x00007ffe9fe10000 - 0x00007ffe9fe30000 	C:\WINDOWS\SYSTEM32\CRYPTSP.dll
0x00007ffe9f9e0000 - 0x00007ffe9fa16000 	C:\WINDOWS\system32\rsaenh.dll
0x00007ffea0090000 - 0x00007ffea00b6000 	C:\WINDOWS\SYSTEM32\bcrypt.dll
0x00007ffe9fba0000 - 0x00007ffe9fbc1000 	C:\WINDOWS\SYSTEM32\USERENV.dll
0x00007ffea03b0000 - 0x00007ffea0413000 	C:\WINDOWS\system32\bcryptprimitives.dll
0x00007ffea0420000 - 0x00007ffea042b000 	C:\WINDOWS\SYSTEM32\CRYPTBASE.dll
0x00007ffe9bae0000 - 0x00007ffe9bb0a000 	C:\WINDOWS\SYSTEM32\IPHLPAPI.DLL
0x00007ffe9bad0000 - 0x00007ffe9bada000 	C:\WINDOWS\SYSTEM32\WINNSI.DLL
0x00007ffe9b080000 - 0x00007ffe9b096000 	C:\WINDOWS\SYSTEM32\dhcpcsvc6.DLL
0x00007ffe9b520000 - 0x00007ffe9b53a000 	C:\WINDOWS\SYSTEM32\dhcpcsvc.DLL

VM Arguments:
jvm_args: -Xmx1536m -Dfile.encoding=windows-1252 -Duser.country=BR -Duser.language=pt -Duser.variant 
java_command: org.gradle.launcher.daemon.bootstrap.GradleDaemon 4.6
java_class_path (initial): C:\Users\RomavicdosAnjosKulip\.gradle\wrapper\dists\gradle-4.6-all\bcst21l2brirad8k2ben1letg\gradle-4.6\lib\gradle-launcher-4.6.jar
Launcher Type: SUN_STANDARD

Environment Variables:
PATH=C:\Program Files (x86)\Common Files\Oracle\Java\javapath;C:\ProgramData\Oracle\Java\javapath;C:\WINDOWS\system32;C:\WINDOWS;C:\WINDOWS\System32\Wbem;C:\WINDOWS\System32\WindowsPowerShell\v1.0\;C:\Program Files\Git\cmd;C:\Users\RomavicdosAnjosKulip\AppData\Local\GitHubDesktop\bin
USERNAME=RomavicdosAnjosKulip
OS=Windows_NT
PROCESSOR_IDENTIFIER=Intel64 Family 6 Model 69 Stepping 1, GenuineIntel



---------------  S Y S T E M  ---------------

OS: Windows 8.1 , 64 bit Build 9600 (6.3.9600.17415)

CPU:total 4 (initial active 4) (2 cores per cpu, 2 threads per core) family 6 model 69 stepping 1, cmov, cx8, fxsr, mmx, sse, sse2, sse3, ssse3, sse4.1, sse4.2, popcnt, avx, avx2, aes, clmul, erms, lzcnt, ht, tsc, tscinvbit, bmi1, bmi2

Memory: 4k page, physical 4097112k(192844k free), swap 7242840k(5092k free)

vm_info: OpenJDK 64-Bit Server VM (25.152-b06) for windows-amd64 JRE (1.8.0_152-release-1136-b06), built by "builder" with MS VC++ 10.0 (VS2010)

time: Wed Jan 16 10:48:59 2019
elapsed time: 67 seconds (0d 0h 1m 7s)

